AH00112: Warning: DocumentRoot [/var/www/html/yii01/web] does not exist
AH00558: apache2: Could not reliably determine the server's fully qualified domain name, using 172.24.0.6. Set the 'ServerName' directive globally to suppress this message
[Wed May 08 20:52:00.541630 2024] [mpm_prefork:notice] [pid 1] AH00163: Apache/2.4.54 (Debian) PHP/7.4.33 configured -- resuming normal operations
[Wed May 08 20:52:00.541745 2024] [core:notice] [pid 1] AH00094: Command line: 'apache2 -D FOREGROUND'
[Wed May 08 20:54:57.646122 2024] [mpm_prefork:notice] [pid 1] AH00170: caught SIGWINCH, shutting down gracefully
AH00112: Warning: DocumentRoot [/var/www/html/yii01/web] does not exist
AH00558: apache2: Could not reliably determine the server's fully qualified domain name, using 172.27.0.5. Set the 'ServerName' directive globally to suppress this message
[Wed May 08 21:01:59.756248 2024] [mpm_prefork:notice] [pid 1] AH00163: Apache/2.4.54 (Debian) PHP/7.4.33 configured -- resuming normal operations
[Wed May 08 21:01:59.756355 2024] [core:notice] [pid 1] AH00094: Command line: 'apache2 -D FOREGROUND'
[Wed May 08 21:04:28.029044 2024] [mpm_prefork:notice] [pid 1] AH00170: caught SIGWINCH, shutting down gracefully
AH00112: Warning: DocumentRoot [/var/www/html/yii01/web] does not exist
AH00558: apache2: Could not reliably determine the server's fully qualified domain name, using 172.28.0.5. Set the 'ServerName' directive globally to suppress this message
[Wed May 08 21:04:42.813344 2024] [mpm_prefork:notice] [pid 1] AH00163: Apache/2.4.54 (Debian) PHP/7.4.33 configured -- resuming normal operations
[Wed May 08 21:04:42.813460 2024] [core:notice] [pid 1] AH00094: Command line: 'apache2 -D FOREGROUND'
[Wed May 08 21:16:54.410065 2024] [mpm_prefork:notice] [pid 1] AH00170: caught SIGWINCH, shutting down gracefully
AH00558: apache2: Could not reliably determine the server's fully qualified domain name, using 172.29.0.5. Set the 'ServerName' directive globally to suppress this message
[Wed May 08 21:17:09.455370 2024] [mpm_prefork:notice] [pid 1] AH00163: Apache/2.4.54 (Debian) PHP/7.4.33 configured -- resuming normal operations
[Wed May 08 21:17:09.455477 2024] [core:notice] [pid 1] AH00094: Command line: 'apache2 -D FOREGROUND'
[Wed May 08 21:20:21.450891 2024] [mpm_prefork:notice] [pid 1] AH00170: caught SIGWINCH, shutting down gracefully
AH00558: apache2: Could not reliably determine the server's fully qualified domain name, using 172.30.0.5. Set the 'ServerName' directive globally to suppress this message
[Wed May 08 21:20:37.614714 2024] [mpm_prefork:notice] [pid 1] AH00163: Apache/2.4.54 (Debian) PHP/7.4.33 configured -- resuming normal operations
[Wed May 08 21:20:37.614824 2024] [core:notice] [pid 1] AH00094: Command line: 'apache2 -D FOREGROUND'
[Wed May 08 21:23:38.186470 2024] [mpm_prefork:notice] [pid 1] AH00170: caught SIGWINCH, shutting down gracefully
[Wed May 08 21:23:59.599746 2024] [mpm_prefork:notice] [pid 1] AH00163: Apache/2.4.54 (Debian) PHP/7.4.33 configured -- resuming normal operations
[Wed May 08 21:23:59.599868 2024] [core:notice] [pid 1] AH00094: Command line: 'apache2 -D FOREGROUND'
[Wed May 08 21:27:39.365431 2024] [mpm_prefork:notice] [pid 1] AH00170: caught SIGWINCH, shutting down gracefully
[Wed May 08 21:28:26.692946 2024] [mpm_prefork:notice] [pid 1] AH00163: Apache/2.4.54 (Debian) PHP/7.4.33 configured -- resuming normal operations
[Wed May 08 21:28:26.693070 2024] [core:notice] [pid 1] AH00094: Command line: 'apache2 -D FOREGROUND'
[Wed May 08 21:29:29.308767 2024] [mpm_prefork:notice] [pid 1] AH00170: caught SIGWINCH, shutting down gracefully
[Thu May 09 12:25:00.696847 2024] [mpm_prefork:notice] [pid 1] AH00163: Apache/2.4.54 (Debian) PHP/7.4.33 configured -- resuming normal operations
[Thu May 09 12:25:00.696938 2024] [core:notice] [pid 1] AH00094: Command line: 'apache2 -D FOREGROUND'
[Thu May 09 12:34:25.341649 2024] [mpm_prefork:notice] [pid 1] AH00170: caught SIGWINCH, shutting down gracefully
[Thu May 09 12:36:23.502248 2024] [mpm_prefork:notice] [pid 1] AH00163: Apache/2.4.54 (Debian) PHP/7.4.33 configured -- resuming normal operations
[Thu May 09 12:36:23.502403 2024] [core:notice] [pid 1] AH00094: Command line: 'apache2 -D FOREGROUND'
[Thu May 09 12:41:01.563269 2024] [mpm_prefork:notice] [pid 1] AH00170: caught SIGWINCH, shutting down gracefully
[Thu May 09 12:42:51.963449 2024] [mpm_prefork:notice] [pid 1] AH00163: Apache/2.4.54 (Debian) PHP/7.4.33 configured -- resuming normal operations
[Thu May 09 12:42:51.963638 2024] [core:notice] [pid 1] AH00094: Command line: 'apache2 -D FOREGROUND'
[Thu May 09 13:28:10.897337 2024] [mpm_prefork:notice] [pid 1] AH00170: caught SIGWINCH, shutting down gracefully
[Thu May 09 13:34:22.875229 2024] [mpm_prefork:notice] [pid 1] AH00163: Apache/2.4.54 (Debian) PHP/7.4.33 configured -- resuming normal operations
[Thu May 09 13:34:22.875351 2024] [core:notice] [pid 1] AH00094: Command line: 'apache2 -D FOREGROUND'
[Thu May 09 13:53:59.041681 2024] [mpm_prefork:notice] [pid 1] AH00170: caught SIGWINCH, shutting down gracefully
AH00112: Warning: DocumentRoot [/var/www/html/web] does not exist
[Thu May 09 13:58:11.655739 2024] [mpm_prefork:notice] [pid 1] AH00163: Apache/2.4.54 (Debian) PHP/7.4.33 configured -- resuming normal operations
[Thu May 09 13:58:11.655853 2024] [core:notice] [pid 1] AH00094: Command line: 'apache2 -D FOREGROUND'
[Thu May 09 14:07:38.608099 2024] [mpm_prefork:notice] [pid 1] AH00170: caught SIGWINCH, shutting down gracefully
AH00112: Warning: DocumentRoot [/var/www/html/web] does not exist
[Thu May 09 14:24:17.725056 2024] [mpm_prefork:notice] [pid 1] AH00163: Apache/2.4.54 (Debian) PHP/7.4.33 configured -- resuming normal operations
[Thu May 09 14:24:17.725179 2024] [core:notice] [pid 1] AH00094: Command line: 'apache2 -D FOREGROUND'
[Thu May 09 14:24:21.997910 2024] [mpm_prefork:notice] [pid 1] AH00170: caught SIGWINCH, shutting down gracefully
AH00112: Warning: DocumentRoot [/var/www/html/web] does not exist
[Thu May 09 14:34:04.660863 2024] [mpm_prefork:notice] [pid 1] AH00163: Apache/2.4.54 (Debian) PHP/7.4.33 configured -- resuming normal operations
[Thu May 09 14:34:04.660975 2024] [core:notice] [pid 1] AH00094: Command line: 'apache2 -D FOREGROUND'
[Thu May 09 14:36:15.041646 2024] [mpm_prefork:notice] [pid 1] AH00170: caught SIGWINCH, shutting down gracefully
AH00112: Warning: DocumentRoot [/var/www/html/web] does not exist
[Thu May 09 14:42:29.320351 2024] [mpm_prefork:notice] [pid 1] AH00163: Apache/2.4.54 (Debian) PHP/7.4.33 configured -- resuming normal operations
[Thu May 09 14:42:29.320446 2024] [core:notice] [pid 1] AH00094: Command line: 'apache2 -D FOREGROUND'
[Thu May 09 14:49:15.235133 2024] [mpm_prefork:notice] [pid 1] AH00170: caught SIGWINCH, shutting down gracefully
AH00112: Warning: DocumentRoot [/var/www/html/web] does not exist
[Thu May 09 15:00:05.234847 2024] [mpm_prefork:notice] [pid 1] AH00163: Apache/2.4.54 (Debian) PHP/7.4.33 configured -- resuming normal operations
[Thu May 09 15:00:05.234962 2024] [core:notice] [pid 1] AH00094: Command line: 'apache2 -D FOREGROUND'
[Thu May 09 15:03:20.592625 2024] [mpm_prefork:notice] [pid 1] AH00170: caught SIGWINCH, shutting down gracefully
AH00112: Warning: DocumentRoot [/var/www/html/web] does not exist
[Thu May 09 15:04:00.172545 2024] [mpm_prefork:notice] [pid 1] AH00163: Apache/2.4.54 (Debian) PHP/7.4.33 configured -- resuming normal operations
[Thu May 09 15:04:00.172659 2024] [core:notice] [pid 1] AH00094: Command line: 'apache2 -D FOREGROUND'
[Thu May 09 15:06:39.953293 2024] [mpm_prefork:notice] [pid 1] AH00170: caught SIGWINCH, shutting down gracefully
AH00112: Warning: DocumentRoot [/var/www/html/web] does not exist
[Thu May 09 15:06:47.262910 2024] [mpm_prefork:notice] [pid 1] AH00163: Apache/2.4.54 (Debian) PHP/7.4.33 configured -- resuming normal operations
[Thu May 09 15:06:47.263017 2024] [core:notice] [pid 1] AH00094: Command line: 'apache2 -D FOREGROUND'
[Thu May 09 15:06:50.366353 2024] [mpm_prefork:notice] [pid 1] AH00170: caught SIGWINCH, shutting down gracefully
AH00112: Warning: DocumentRoot [/var/www/html/web] does not exist
[Thu May 09 15:06:59.479839 2024] [mpm_prefork:notice] [pid 1] AH00163: Apache/2.4.54 (Debian) PHP/7.4.33 configured -- resuming normal operations
[Thu May 09 15:06:59.479978 2024] [core:notice] [pid 1] AH00094: Command line: 'apache2 -D FOREGROUND'
[Thu May 09 15:07:46.939440 2024] [mpm_prefork:notice] [pid 1] AH00170: caught SIGWINCH, shutting down gracefully
[Thu May 09 15:08:08.090942 2024] [mpm_prefork:notice] [pid 1] AH00163: Apache/2.4.54 (Debian) PHP/7.4.33 configured -- resuming normal operations
[Thu May 09 15:08:08.091081 2024] [core:notice] [pid 1] AH00094: Command line: 'apache2 -D FOREGROUND'
[Thu May 09 21:30:14.934204 2024] [mpm_prefork:notice] [pid 1] AH00170: caught SIGWINCH, shutting down gracefully
[Fri May 10 07:33:11.390155 2024] [mpm_prefork:notice] [pid 1] AH00163: Apache/2.4.54 (Debian) PHP/7.4.33 configured -- resuming normal operations
[Fri May 10 07:33:11.392699 2024] [core:notice] [pid 1] AH00094: Command line: 'apache2 -D FOREGROUND'
[Fri May 10 07:39:05.322695 2024] [mpm_prefork:notice] [pid 1] AH00170: caught SIGWINCH, shutting down gracefully
[Fri May 10 07:39:16.044459 2024] [mpm_prefork:notice] [pid 1] AH00163: Apache/2.4.54 (Debian) PHP/7.4.33 configured -- resuming normal operations
[Fri May 10 07:39:16.044602 2024] [core:notice] [pid 1] AH00094: Command line: 'apache2 -D FOREGROUND'
[Fri May 10 07:39:49.787736 2024] [mpm_prefork:notice] [pid 1] AH00170: caught SIGWINCH, shutting down gracefully
[Fri May 10 07:43:36.514134 2024] [mpm_prefork:notice] [pid 1] AH00163: Apache/2.4.54 (Debian) PHP/7.4.33 configured -- resuming normal operations
[Fri May 10 07:43:36.515252 2024] [core:notice] [pid 1] AH00094: Command line: 'apache2 -D FOREGROUND'
[Fri May 10 07:48:25.258959 2024] [mpm_prefork:notice] [pid 1] AH00170: caught SIGWINCH, shutting down gracefully
[Fri May 10 07:49:23.026427 2024] [mpm_prefork:notice] [pid 1] AH00163: Apache/2.4.54 (Debian) PHP/7.4.33 configured -- resuming normal operations
[Fri May 10 07:49:23.026562 2024] [core:notice] [pid 1] AH00094: Command line: 'apache2 -D FOREGROUND'
[Fri May 10 19:37:51.528041 2024] [mpm_prefork:notice] [pid 1] AH00170: caught SIGWINCH, shutting down gracefully
[Sun May 12 17:06:19.277326 2024] [mpm_prefork:notice] [pid 1] AH00163: Apache/2.4.54 (Debian) PHP/7.4.33 configured -- resuming normal operations
[Sun May 12 17:06:19.279337 2024] [core:notice] [pid 1] AH00094: Command line: 'apache2 -D FOREGROUND'
[Sun May 12 19:10:41.780170 2024] [mpm_prefork:notice] [pid 1] AH00170: caught SIGWINCH, shutting down gracefully
[Mon May 13 16:48:56.204749 2024] [mpm_prefork:notice] [pid 1] AH00163: Apache/2.4.54 (Debian) PHP/7.4.33 configured -- resuming normal operations
[Mon May 13 16:48:56.206854 2024] [core:notice] [pid 1] AH00094: Command line: 'apache2 -D FOREGROUND'
[Mon May 13 19:18:39.943292 2024] [php7:notice] [pid 18] [client 172.25.0.1:40694] An Error occurred while handling another error:\nyii\\web\\HeadersAlreadySentException: Headers already sent in /var/www/html/backend/controllers/ProductController.php on line 59. in /var/www/html/vendor/yiisoft/yii2/web/Response.php:369\nStack trace:\n#0 /var/www/html/vendor/yiisoft/yii2/web/Response.php(342): yii\\web\\Response->sendHeaders()\n#1 /var/www/html/vendor/yiisoft/yii2/web/ErrorHandler.php(136): yii\\web\\Response->send()\n#2 /var/www/html/vendor/yiisoft/yii2/base/ErrorHandler.php(152): yii\\web\\ErrorHandler->renderException(Object(yii\\web\\HeadersAlreadySentException))\n#3 [internal function]: yii\\base\\ErrorHandler->handleException(Object(yii\\web\\HeadersAlreadySentException))\n#4 {main}\nPrevious exception:\nyii\\web\\HeadersAlreadySentException: Headers already sent in /var/www/html/backend/controllers/ProductController.php on line 59. in /var/www/html/vendor/yiisoft/yii2/web/Response.php:369\nStack trace:\n#0 /var/www/html/vendor/yiisoft/yii2/web/Response.php(342): yii\\web\\Response->sendHeaders()\n#1 /var/www/html/vendor/yiisoft/yii2/base/Application.php(390): yii\\web\\Response->send()\n#2 /var/www/html/backend/web/index.php(18): yii\\base\\Application->run()\n#3 {main}\n$_SERVER = [\n    'HTTP_HOST' => 'localhost:8099',\n    'HTTP_CONNECTION' => 'keep-alive',\n    'HTTP_CACHE_CONTROL' => 'max-age=0',\n    'HTTP_SEC_CH_UA' => '"Google Chrome";v="123", "Not:A-Brand";v="8", "Chromium";v="123"',\n    'HTTP_SEC_CH_UA_MOBILE' => '?0',\n    'HTTP_SEC_CH_UA_PLATFORM' => '"Linux"',\n    'HTTP_UPGRADE_INSECURE_REQUESTS' => '1',\n    'HTTP_USER_AGENT' => 'Mozilla/5.0 (X11; Linux x86_64) AppleWebKit/537.36 (KHTML, like Gecko) Chrome/123.0.0.0 Safari/537.36',\n    'HTTP_ACCEPT' => 'text/html,application/xhtml+xml,application/xml;q=0.9,image/avif,image/webp,image/apng,*/*;q=0.8,application/signed-exchange;v=b3;q=0.7',\n    'HTTP_SEC_FETCH_SITE' => 'same-origin',\n    'HTTP_SEC_FETCH_MODE' => 'navigate',\n    'HTTP_SEC_FETCH_USER' => '?1',\n    'HTTP_SEC_FETCH_DEST' => 'document',\n    'HTTP_REFERER' => 'http://localhost:8099/backend/web/index.php?r=product',\n    'HTTP_ACCEPT_ENCODING' => 'gzip, deflate, br, zstd',\n    'HTTP_ACCEPT_LANGUAGE' => 'en-US,en;q=0.9,fa;q=0.8',\n    'HTTP_COOKIE' => 'pma_lang=en; XSRF-TOKEN=eyJpdiI6InlqdkJXamxhdmEwK2NMcjNRTDBuU3c9PSIsInZhbHVlIjoiSGIzOFRQMi9MZ2xORDVuNGdTSW0va1dnYUZ1Qi9jRVNVbEVHT29VWTlLaUpONUF2d2J2NzErQWE5VFhSRHRNOXREdnhrYnhqOVNzZ09wZE95Qjg0QnBNZC9MK2h2ZEMrOFlqZW5kcUY5UVRNQlZSbHF0M0VSYlE5TDB0amxQR2EiLCJtYWMiOiIzZTJiZWY4MjY2YzRhYjgzMGMxZTgxMjdkYzU2NzFmYjg2NzhhNGJkOGE2MDk1NGNkOTRlZTA4M2M0ZGJmMzI3IiwidGFnIjoiIn0%3D; laravel_session=eyJpdiI6Ik5iSUVXOCtZVUdQU3YwcmsvTW5lS0E9PSIsInZhbHVlIjoiZXZ1SHUvbVIwUjRqZjRWWklBYjJUdGpOR1RlbS91dVQ1R0ZDdW9WbDZNb05wZWdHVWtMeWFsVDRyU1F4a2cvVWFpdS81em5meHQwd0M2SUt2QmN4RmNHSWYybzRGREhqUmd2V2E1UDM1YlF6MXU1RFlsdWJZc21NZlVsZm5ORHoiLCJtYWMiOiJkZDlhMmMzZmJmODkyNTc1NzVkMzI5MmVhYjIzZDI0MWJiOGJlZDA5Njk0OTdlYTZkNDE4MDQ3OTFjODQ3MjY1IiwidGFnIjoiIn0%3D; advanced-backend=6718206fdea845406783f6a9ccc8991d; _csrf-backend=589d465c0e467c6855bc207bd2045556e3de9994a2ad08225fa43791253d681ca%3A2%3A%7Bi%3A0%3Bs%3A13%3A%22_csrf-backend%22%3Bi%3A1%3Bs%3A32%3A%22nhnmQX8VJuPqBSwrrKH9BWHtSz_T4mFK%22%3B%7D; phpMyAdmin=9e0fd2f046b9d0c1444c11d684192f57; pmaUser-1=OCGUOei4kOOqNrDytdaZVbAz1yr4bTlYMVni%2Fiw6xiASYPachYRpi5Kui7U%3D; pmaAuth-1=TchhRdJAHPTHf9XaL2BfBaMfJbsBP7BIVUYXgYBjCAvx%2F5p5R%2Fae4WJoxyjQHnF41AvGJsgq9zdCoLRrPVqk',\n    'PATH' => '/usr/local/sbin:/usr/local/bin:/usr/sbin:/usr/bin:/sbin:/bin',\n    'SERVER_SIGNATURE' => '<address>Apache/2.4.54 (Debian) Server at localhost Port 8099</address>\n',\n    'SERVER_SOFTWARE' => 'Apache/2.4.54 (Debian)',\n    'SERVER_NAME' => 'localhost',\n    'SERVER_ADDR' => '172.25.0.4',\n    'SERVER_PORT' => '8099',\n    'REMOTE_ADDR' => '172.25.0.1',\n    'DOCUMENT_ROOT' => '/var/www/html',\n    'REQUEST_SCHEME' => 'http',\n    'CONTEXT_PREFIX' => '',\n    'CONTEXT_DOCUMENT_ROOT' => '/var/www/html',\n    'SERVER_ADMIN' => '[no address given]',\n    'SCRIPT_FILENAME' => '/var/www/html/backend/web/index.php',\n    'REMOTE_PORT' => '40694',\n    'GATEWAY_INTERFACE' => 'CGI/1.1',\n    'SERVER_PROTOCOL' => 'HTTP/1.1',\n    'REQUEST_METHOD' => 'GET',\n    'QUERY_STRING' => 'r=product%2Fcreate',\n    'REQUEST_URI' => '/backend/web/index.php?r=product%2Fcreate',\n    'SCRIPT_NAME' => '/backend/web/index.php',\n    'PHP_SELF' => '/backend/web/index.php',\n    'REQUEST_TIME_FLOAT' => 1715627919.872625,\n    'REQUEST_TIME' => 1715627919,\n    'argv' => [\n        'r=product%2Fcreate',\n    ],\n    'argc' => 1,\n], referer: http://localhost:8099/backend/web/index.php?r=product
[Mon May 13 19:24:04.134052 2024] [php7:notice] [pid 19] [client 172.25.0.1:55228] An Error occurred while handling another error:\nyii\\web\\HeadersAlreadySentException: Headers already sent in /var/www/html/backend/controllers/ProductController.php on line 59. in /var/www/html/vendor/yiisoft/yii2/web/Response.php:369\nStack trace:\n#0 /var/www/html/vendor/yiisoft/yii2/web/Response.php(342): yii\\web\\Response->sendHeaders()\n#1 /var/www/html/vendor/yiisoft/yii2/web/ErrorHandler.php(136): yii\\web\\Response->send()\n#2 /var/www/html/vendor/yiisoft/yii2/base/ErrorHandler.php(152): yii\\web\\ErrorHandler->renderException(Object(yii\\web\\HeadersAlreadySentException))\n#3 [internal function]: yii\\base\\ErrorHandler->handleException(Object(yii\\web\\HeadersAlreadySentException))\n#4 {main}\nPrevious exception:\nyii\\web\\HeadersAlreadySentException: Headers already sent in /var/www/html/backend/controllers/ProductController.php on line 59. in /var/www/html/vendor/yiisoft/yii2/web/Response.php:369\nStack trace:\n#0 /var/www/html/vendor/yiisoft/yii2/web/Response.php(342): yii\\web\\Response->sendHeaders()\n#1 /var/www/html/vendor/yiisoft/yii2/base/Application.php(390): yii\\web\\Response->send()\n#2 /var/www/html/backend/web/index.php(18): yii\\base\\Application->run()\n#3 {main}\n$_SERVER = [\n    'HTTP_HOST' => 'localhost:8099',\n    'HTTP_CONNECTION' => 'keep-alive',\n    'HTTP_CACHE_CONTROL' => 'max-age=0',\n    'HTTP_SEC_CH_UA' => '"Google Chrome";v="123", "Not:A-Brand";v="8", "Chromium";v="123"',\n    'HTTP_SEC_CH_UA_MOBILE' => '?0',\n    'HTTP_SEC_CH_UA_PLATFORM' => '"Linux"',\n    'HTTP_UPGRADE_INSECURE_REQUESTS' => '1',\n    'HTTP_USER_AGENT' => 'Mozilla/5.0 (X11; Linux x86_64) AppleWebKit/537.36 (KHTML, like Gecko) Chrome/123.0.0.0 Safari/537.36',\n    'HTTP_ACCEPT' => 'text/html,application/xhtml+xml,application/xml;q=0.9,image/avif,image/webp,image/apng,*/*;q=0.8,application/signed-exchange;v=b3;q=0.7',\n    'HTTP_SEC_FETCH_SITE' => 'same-origin',\n    'HTTP_SEC_FETCH_MODE' => 'navigate',\n    'HTTP_SEC_FETCH_USER' => '?1',\n    'HTTP_SEC_FETCH_DEST' => 'document',\n    'HTTP_REFERER' => 'http://localhost:8099/backend/web/index.php?r=product',\n    'HTTP_ACCEPT_ENCODING' => 'gzip, deflate, br, zstd',\n    'HTTP_ACCEPT_LANGUAGE' => 'en-US,en;q=0.9,fa;q=0.8',\n    'HTTP_COOKIE' => 'pma_lang=en; XSRF-TOKEN=eyJpdiI6InlqdkJXamxhdmEwK2NMcjNRTDBuU3c9PSIsInZhbHVlIjoiSGIzOFRQMi9MZ2xORDVuNGdTSW0va1dnYUZ1Qi9jRVNVbEVHT29VWTlLaUpONUF2d2J2NzErQWE5VFhSRHRNOXREdnhrYnhqOVNzZ09wZE95Qjg0QnBNZC9MK2h2ZEMrOFlqZW5kcUY5UVRNQlZSbHF0M0VSYlE5TDB0amxQR2EiLCJtYWMiOiIzZTJiZWY4MjY2YzRhYjgzMGMxZTgxMjdkYzU2NzFmYjg2NzhhNGJkOGE2MDk1NGNkOTRlZTA4M2M0ZGJmMzI3IiwidGFnIjoiIn0%3D; laravel_session=eyJpdiI6Ik5iSUVXOCtZVUdQU3YwcmsvTW5lS0E9PSIsInZhbHVlIjoiZXZ1SHUvbVIwUjRqZjRWWklBYjJUdGpOR1RlbS91dVQ1R0ZDdW9WbDZNb05wZWdHVWtMeWFsVDRyU1F4a2cvVWFpdS81em5meHQwd0M2SUt2QmN4RmNHSWYybzRGREhqUmd2V2E1UDM1YlF6MXU1RFlsdWJZc21NZlVsZm5ORHoiLCJtYWMiOiJkZDlhMmMzZmJmODkyNTc1NzVkMzI5MmVhYjIzZDI0MWJiOGJlZDA5Njk0OTdlYTZkNDE4MDQ3OTFjODQ3MjY1IiwidGFnIjoiIn0%3D; advanced-backend=6718206fdea845406783f6a9ccc8991d; _csrf-backend=589d465c0e467c6855bc207bd2045556e3de9994a2ad08225fa43791253d681ca%3A2%3A%7Bi%3A0%3Bs%3A13%3A%22_csrf-backend%22%3Bi%3A1%3Bs%3A32%3A%22nhnmQX8VJuPqBSwrrKH9BWHtSz_T4mFK%22%3B%7D; phpMyAdmin=9e0fd2f046b9d0c1444c11d684192f57; pmaUser-1=OCGUOei4kOOqNrDytdaZVbAz1yr4bTlYMVni%2Fiw6xiASYPachYRpi5Kui7U%3D; pmaAuth-1=TchhRdJAHPTHf9XaL2BfBaMfJbsBP7BIVUYXgYBjCAvx%2F5p5R%2Fae4WJoxyjQHnF41AvGJsgq9zdCoLRrPVqk',\n    'PATH' => '/usr/local/sbin:/usr/local/bin:/usr/sbin:/usr/bin:/sbin:/bin',\n    'SERVER_SIGNATURE' => '<address>Apache/2.4.54 (Debian) Server at localhost Port 8099</address>\n',\n    'SERVER_SOFTWARE' => 'Apache/2.4.54 (Debian)',\n    'SERVER_NAME' => 'localhost',\n    'SERVER_ADDR' => '172.25.0.4',\n    'SERVER_PORT' => '8099',\n    'REMOTE_ADDR' => '172.25.0.1',\n    'DOCUMENT_ROOT' => '/var/www/html',\n    'REQUEST_SCHEME' => 'http',\n    'CONTEXT_PREFIX' => '',\n    'CONTEXT_DOCUMENT_ROOT' => '/var/www/html',\n    'SERVER_ADMIN' => '[no address given]',\n    'SCRIPT_FILENAME' => '/var/www/html/backend/web/index.php',\n    'REMOTE_PORT' => '55228',\n    'GATEWAY_INTERFACE' => 'CGI/1.1',\n    'SERVER_PROTOCOL' => 'HTTP/1.1',\n    'REQUEST_METHOD' => 'GET',\n    'QUERY_STRING' => 'r=product%2Fcreate',\n    'REQUEST_URI' => '/backend/web/index.php?r=product%2Fcreate',\n    'SCRIPT_NAME' => '/backend/web/index.php',\n    'PHP_SELF' => '/backend/web/index.php',\n    'REQUEST_TIME_FLOAT' => 1715628244.046432,\n    'REQUEST_TIME' => 1715628244,\n    'argv' => [\n        'r=product%2Fcreate',\n    ],\n    'argc' => 1,\n], referer: http://localhost:8099/backend/web/index.php?r=product
[Mon May 13 19:24:25.062790 2024] [php7:notice] [pid 20] [client 172.25.0.1:34368] An Error occurred while handling another error:\nyii\\web\\HeadersAlreadySentException: Headers already sent in /var/www/html/backend/controllers/ProductController.php on line 58. in /var/www/html/vendor/yiisoft/yii2/web/Response.php:369\nStack trace:\n#0 /var/www/html/vendor/yiisoft/yii2/web/Response.php(342): yii\\web\\Response->sendHeaders()\n#1 /var/www/html/vendor/yiisoft/yii2/web/ErrorHandler.php(136): yii\\web\\Response->send()\n#2 /var/www/html/vendor/yiisoft/yii2/base/ErrorHandler.php(152): yii\\web\\ErrorHandler->renderException(Object(Error))\n#3 [internal function]: yii\\base\\ErrorHandler->handleException(Object(Error))\n#4 {main}\nPrevious exception:\nError: Call to a member function isAttributeRequired() on array in /var/www/html/vendor/yiisoft/yii2/widgets/ActiveField.php:932\nStack trace:\n#0 /var/www/html/vendor/yiisoft/yii2/widgets/ActiveField.php(405): yii\\widgets\\ActiveField->addAriaAttributes('<span class="st...')\n#1 /var/www/html/backend/views/product/create.php(12): yii\\widgets\\ActiveField->textInput('<span class="st...')\n#2 /var/www/html/vendor/yiisoft/yii2/base/View.php(347): require('/var/www/html/b...')\n#3 /var/www/html/vendor/yiisoft/yii2/base/View.php(257): yii\\base\\View->renderPhpFile('/var/www/html/b...', Array)\n#4 /var/www/html/vendor/yiisoft/yii2/base/View.php(156): yii\\base\\View->renderFile('/var/www/html/b...', Array, Object(backend\\controllers\\ProductController))\n#5 /var/www/html/vendor/yiisoft/yii2/base/Controller.php(407): yii\\base\\View->render('create', Array, Object(backend\\controllers\\ProductController))\n#6 /var/www/html/backend/controllers/ProductController.php(60): yii\\base\\Controller->render('create', Array)\n#7 [internal function]: backend\\controllers\\ProductController->actionCreate()\n#8 /var/www/html/vendor/yiisoft/yii2/base/InlineAction.php(57): call_user_func_array(Array, Array)\n#9 /var/www/html/vendor/yiisoft/yii2/base/Controller.php(178): yii\\base\\InlineAction->runWithParams(Array)\n#10 /var/www/html/vendor/yiisoft/yii2/base/Module.php(552): yii\\base\\Controller->runAction('create', Array)\n#11 /var/www/html/vendor/yiisoft/yii2/web/Application.php(103): yii\\base\\Module->runAction('product/create', Array)\n#12 /var/www/html/vendor/yiisoft/yii2/base/Application.php(384): yii\\web\\Application->handleRequest(Object(yii\\web\\Request))\n#13 /var/www/html/backend/web/index.php(18): yii\\base\\Application->run()\n#14 {main}\n$_SERVER = [\n    'HTTP_HOST' => 'localhost:8099',\n    'HTTP_CONNECTION' => 'keep-alive',\n    'HTTP_CACHE_CONTROL' => 'max-age=0',\n    'HTTP_SEC_CH_UA' => '"Google Chrome";v="123", "Not:A-Brand";v="8", "Chromium";v="123"',\n    'HTTP_SEC_CH_UA_MOBILE' => '?0',\n    'HTTP_SEC_CH_UA_PLATFORM' => '"Linux"',\n    'HTTP_UPGRADE_INSECURE_REQUESTS' => '1',\n    'HTTP_USER_AGENT' => 'Mozilla/5.0 (X11; Linux x86_64) AppleWebKit/537.36 (KHTML, like Gecko) Chrome/123.0.0.0 Safari/537.36',\n    'HTTP_ACCEPT' => 'text/html,application/xhtml+xml,application/xml;q=0.9,image/avif,image/webp,image/apng,*/*;q=0.8,application/signed-exchange;v=b3;q=0.7',\n    'HTTP_SEC_FETCH_SITE' => 'same-origin',\n    'HTTP_SEC_FETCH_MODE' => 'navigate',\n    'HTTP_SEC_FETCH_USER' => '?1',\n    'HTTP_SEC_FETCH_DEST' => 'document',\n    'HTTP_REFERER' => 'http://localhost:8099/backend/web/index.php?r=product',\n    'HTTP_ACCEPT_ENCODING' => 'gzip, deflate, br, zstd',\n    'HTTP_ACCEPT_LANGUAGE' => 'en-US,en;q=0.9,fa;q=0.8',\n    'HTTP_COOKIE' => 'pma_lang=en; XSRF-TOKEN=eyJpdiI6InlqdkJXamxhdmEwK2NMcjNRTDBuU3c9PSIsInZhbHVlIjoiSGIzOFRQMi9MZ2xORDVuNGdTSW0va1dnYUZ1Qi9jRVNVbEVHT29VWTlLaUpONUF2d2J2NzErQWE5VFhSRHRNOXREdnhrYnhqOVNzZ09wZE95Qjg0QnBNZC9MK2h2ZEMrOFlqZW5kcUY5UVRNQlZSbHF0M0VSYlE5TDB0amxQR2EiLCJtYWMiOiIzZTJiZWY4MjY2YzRhYjgzMGMxZTgxMjdkYzU2NzFmYjg2NzhhNGJkOGE2MDk1NGNkOTRlZTA4M2M0ZGJmMzI3IiwidGFnIjoiIn0%3D; laravel_session=eyJpdiI6Ik5iSUVXOCtZVUdQU3YwcmsvTW5lS0E9PSIsInZhbHVlIjoiZXZ1SHUvbVIwUjRqZjRWWklBYjJUdGpOR1RlbS91dVQ1R0ZDdW9WbDZNb05wZWdHVWtMeWFsVDRyU1F4a2cvVWFpdS81em5meHQwd0M2SUt2QmN4RmNHSWYybzRGREhqUmd2V2E1UDM1YlF6MXU1RFlsdWJZc21NZlVsZm5ORHoiLCJtYWMiOiJkZDlhMmMzZmJmODkyNTc1NzVkMzI5MmVhYjIzZDI0MWJiOGJlZDA5Njk0OTdlYTZkNDE4MDQ3OTFjODQ3MjY1IiwidGFnIjoiIn0%3D; advanced-backend=6718206fdea845406783f6a9ccc8991d; _csrf-backend=589d465c0e467c6855bc207bd2045556e3de9994a2ad08225fa43791253d681ca%3A2%3A%7Bi%3A0%3Bs%3A13%3A%22_csrf-backend%22%3Bi%3A1%3Bs%3A32%3A%22nhnmQX8VJuPqBSwrrKH9BWHtSz_T4mFK%22%3B%7D; phpMyAdmin=9e0fd2f046b9d0c1444c11d684192f57; pmaUser-1=OCGUOei4kOOqNrDytdaZVbAz1yr4bTlYMVni%2Fiw6xiASYPachYRpi5Kui7U%3D; pmaAuth-1=TchhRdJAHPTHf9XaL2BfBaMfJbsBP7BIVUYXgYBjCAvx%2F5p5R%2Fae4WJoxyjQHnF41AvGJsgq9zdCoLRrPVqk',\n    'PATH' => '/usr/local/sbin:/usr/local/bin:/usr/sbin:/usr/bin:/sbin:/bin',\n    'SERVER_SIGNATURE' => '<address>Apache/2.4.54 (Debian) Server at localhost Port 8099</address>\n',\n    'SERVER_SOFTWARE' => 'Apache/2.4.54 (Debian)',\n    'SERVER_NAME' => 'localhost',\n    'SERVER_ADDR' => '172.25.0.4',\n    'SERVER_PORT' => '8099',\n    'REMOTE_ADDR' => '172.25.0.1',\n    'DOCUMENT_ROOT' => '/var/www/html',\n    'REQUEST_SCHEME' => 'http',\n    'CONTEXT_PREFIX' => '',\n    'CONTEXT_DOCUMENT_ROOT' => '/var/www/html',\n    'SERVER_ADMIN' => '[no address given]',\n    'SCRIPT_FILENAME' => '/var/www/html/backend/web/index.php',\n    'REMOTE_PORT' => '34368',\n    'GATEWAY_INTERFACE' => 'CGI/1.1',\n    'SERVER_PROTOCOL' => 'HTTP/1.1',\n    'REQUEST_METHOD' => 'GET',\n    'QUERY_STRING' => 'r=product%2Fcreate',\n    'REQUEST_URI' => '/backend/web/index.php?r=product%2Fcreate',\n    'SCRIPT_NAME' => '/backend/web/index.php',\n    'PHP_SELF' => '/backend/web/index.php',\n    'REQUEST_TIME_FLOAT' => 1715628264.971465,\n    'REQUEST_TIME' => 1715628264,\n    'argv' => [\n        'r=product%2Fcreate',\n    ],\n    'argc' => 1,\n], referer: http://localhost:8099/backend/web/index.php?r=product
[Mon May 13 19:25:07.081118 2024] [php7:notice] [pid 23] [client 172.25.0.1:48088] An Error occurred while handling another error:\nyii\\web\\HeadersAlreadySentException: Headers already sent in /var/www/html/backend/controllers/ProductController.php on line 58. in /var/www/html/vendor/yiisoft/yii2/web/Response.php:369\nStack trace:\n#0 /var/www/html/vendor/yiisoft/yii2/web/Response.php(342): yii\\web\\Response->sendHeaders()\n#1 /var/www/html/vendor/yiisoft/yii2/web/ErrorHandler.php(136): yii\\web\\Response->send()\n#2 /var/www/html/vendor/yiisoft/yii2/base/ErrorHandler.php(152): yii\\web\\ErrorHandler->renderException(Object(Error))\n#3 [internal function]: yii\\base\\ErrorHandler->handleException(Object(Error))\n#4 {main}\nPrevious exception:\nError: Call to a member function isAttributeRequired() on array in /var/www/html/vendor/yiisoft/yii2/widgets/ActiveField.php:932\nStack trace:\n#0 /var/www/html/vendor/yiisoft/yii2/widgets/ActiveField.php(405): yii\\widgets\\ActiveField->addAriaAttributes('<span class="st...')\n#1 /var/www/html/backend/views/product/create.php(12): yii\\widgets\\ActiveField->textInput('<span class="st...')\n#2 /var/www/html/vendor/yiisoft/yii2/base/View.php(347): require('/var/www/html/b...')\n#3 /var/www/html/vendor/yiisoft/yii2/base/View.php(257): yii\\base\\View->renderPhpFile('/var/www/html/b...', Array)\n#4 /var/www/html/vendor/yiisoft/yii2/base/View.php(156): yii\\base\\View->renderFile('/var/www/html/b...', Array, Object(backend\\controllers\\ProductController))\n#5 /var/www/html/vendor/yiisoft/yii2/base/Controller.php(407): yii\\base\\View->render('create', Array, Object(backend\\controllers\\ProductController))\n#6 /var/www/html/backend/controllers/ProductController.php(60): yii\\base\\Controller->render('create', Array)\n#7 [internal function]: backend\\controllers\\ProductController->actionCreate()\n#8 /var/www/html/vendor/yiisoft/yii2/base/InlineAction.php(57): call_user_func_array(Array, Array)\n#9 /var/www/html/vendor/yiisoft/yii2/base/Controller.php(178): yii\\base\\InlineAction->runWithParams(Array)\n#10 /var/www/html/vendor/yiisoft/yii2/base/Module.php(552): yii\\base\\Controller->runAction('create', Array)\n#11 /var/www/html/vendor/yiisoft/yii2/web/Application.php(103): yii\\base\\Module->runAction('product/create', Array)\n#12 /var/www/html/vendor/yiisoft/yii2/base/Application.php(384): yii\\web\\Application->handleRequest(Object(yii\\web\\Request))\n#13 /var/www/html/backend/web/index.php(18): yii\\base\\Application->run()\n#14 {main}\n$_SERVER = [\n    'HTTP_HOST' => 'localhost:8099',\n    'HTTP_CONNECTION' => 'keep-alive',\n    'HTTP_CACHE_CONTROL' => 'max-age=0',\n    'HTTP_SEC_CH_UA' => '"Google Chrome";v="123", "Not:A-Brand";v="8", "Chromium";v="123"',\n    'HTTP_SEC_CH_UA_MOBILE' => '?0',\n    'HTTP_SEC_CH_UA_PLATFORM' => '"Linux"',\n    'HTTP_UPGRADE_INSECURE_REQUESTS' => '1',\n    'HTTP_USER_AGENT' => 'Mozilla/5.0 (X11; Linux x86_64) AppleWebKit/537.36 (KHTML, like Gecko) Chrome/123.0.0.0 Safari/537.36',\n    'HTTP_ACCEPT' => 'text/html,application/xhtml+xml,application/xml;q=0.9,image/avif,image/webp,image/apng,*/*;q=0.8,application/signed-exchange;v=b3;q=0.7',\n    'HTTP_SEC_FETCH_SITE' => 'same-origin',\n    'HTTP_SEC_FETCH_MODE' => 'navigate',\n    'HTTP_SEC_FETCH_USER' => '?1',\n    'HTTP_SEC_FETCH_DEST' => 'document',\n    'HTTP_REFERER' => 'http://localhost:8099/backend/web/index.php?r=product',\n    'HTTP_ACCEPT_ENCODING' => 'gzip, deflate, br, zstd',\n    'HTTP_ACCEPT_LANGUAGE' => 'en-US,en;q=0.9,fa;q=0.8',\n    'HTTP_COOKIE' => 'pma_lang=en; XSRF-TOKEN=eyJpdiI6InlqdkJXamxhdmEwK2NMcjNRTDBuU3c9PSIsInZhbHVlIjoiSGIzOFRQMi9MZ2xORDVuNGdTSW0va1dnYUZ1Qi9jRVNVbEVHT29VWTlLaUpONUF2d2J2NzErQWE5VFhSRHRNOXREdnhrYnhqOVNzZ09wZE95Qjg0QnBNZC9MK2h2ZEMrOFlqZW5kcUY5UVRNQlZSbHF0M0VSYlE5TDB0amxQR2EiLCJtYWMiOiIzZTJiZWY4MjY2YzRhYjgzMGMxZTgxMjdkYzU2NzFmYjg2NzhhNGJkOGE2MDk1NGNkOTRlZTA4M2M0ZGJmMzI3IiwidGFnIjoiIn0%3D; laravel_session=eyJpdiI6Ik5iSUVXOCtZVUdQU3YwcmsvTW5lS0E9PSIsInZhbHVlIjoiZXZ1SHUvbVIwUjRqZjRWWklBYjJUdGpOR1RlbS91dVQ1R0ZDdW9WbDZNb05wZWdHVWtMeWFsVDRyU1F4a2cvVWFpdS81em5meHQwd0M2SUt2QmN4RmNHSWYybzRGREhqUmd2V2E1UDM1YlF6MXU1RFlsdWJZc21NZlVsZm5ORHoiLCJtYWMiOiJkZDlhMmMzZmJmODkyNTc1NzVkMzI5MmVhYjIzZDI0MWJiOGJlZDA5Njk0OTdlYTZkNDE4MDQ3OTFjODQ3MjY1IiwidGFnIjoiIn0%3D; advanced-backend=6718206fdea845406783f6a9ccc8991d; _csrf-backend=589d465c0e467c6855bc207bd2045556e3de9994a2ad08225fa43791253d681ca%3A2%3A%7Bi%3A0%3Bs%3A13%3A%22_csrf-backend%22%3Bi%3A1%3Bs%3A32%3A%22nhnmQX8VJuPqBSwrrKH9BWHtSz_T4mFK%22%3B%7D; phpMyAdmin=9e0fd2f046b9d0c1444c11d684192f57; pmaUser-1=OCGUOei4kOOqNrDytdaZVbAz1yr4bTlYMVni%2Fiw6xiASYPachYRpi5Kui7U%3D; pmaAuth-1=TchhRdJAHPTHf9XaL2BfBaMfJbsBP7BIVUYXgYBjCAvx%2F5p5R%2Fae4WJoxyjQHnF41AvGJsgq9zdCoLRrPVqk',\n    'PATH' => '/usr/local/sbin:/usr/local/bin:/usr/sbin:/usr/bin:/sbin:/bin',\n    'SERVER_SIGNATURE' => '<address>Apache/2.4.54 (Debian) Server at localhost Port 8099</address>\n',\n    'SERVER_SOFTWARE' => 'Apache/2.4.54 (Debian)',\n    'SERVER_NAME' => 'localhost',\n    'SERVER_ADDR' => '172.25.0.4',\n    'SERVER_PORT' => '8099',\n    'REMOTE_ADDR' => '172.25.0.1',\n    'DOCUMENT_ROOT' => '/var/www/html',\n    'REQUEST_SCHEME' => 'http',\n    'CONTEXT_PREFIX' => '',\n    'CONTEXT_DOCUMENT_ROOT' => '/var/www/html',\n    'SERVER_ADMIN' => '[no address given]',\n    'SCRIPT_FILENAME' => '/var/www/html/backend/web/index.php',\n    'REMOTE_PORT' => '48088',\n    'GATEWAY_INTERFACE' => 'CGI/1.1',\n    'SERVER_PROTOCOL' => 'HTTP/1.1',\n    'REQUEST_METHOD' => 'GET',\n    'QUERY_STRING' => 'r=product%2Fcreate',\n    'REQUEST_URI' => '/backend/web/index.php?r=product%2Fcreate',\n    'SCRIPT_NAME' => '/backend/web/index.php',\n    'PHP_SELF' => '/backend/web/index.php',\n    'REQUEST_TIME_FLOAT' => 1715628306.984812,\n    'REQUEST_TIME' => 1715628306,\n    'argv' => [\n        'r=product%2Fcreate',\n    ],\n    'argc' => 1,\n], referer: http://localhost:8099/backend/web/index.php?r=product
[Mon May 13 19:53:24.684446 2024] [mpm_prefork:notice] [pid 1] AH00170: caught SIGWINCH, shutting down gracefully
[Tue May 14 15:39:05.864104 2024] [mpm_prefork:notice] [pid 1] AH00163: Apache/2.4.54 (Debian) PHP/7.4.33 configured -- resuming normal operations
[Tue May 14 15:39:05.864587 2024] [core:notice] [pid 1] AH00094: Command line: 'apache2 -D FOREGROUND'
[Tue May 14 16:00:40.318453 2024] [mpm_prefork:notice] [pid 1] AH00170: caught SIGWINCH, shutting down gracefully
[Tue May 14 16:01:43.441704 2024] [mpm_prefork:notice] [pid 1] AH00163: Apache/2.4.54 (Debian) PHP/7.4.33 configured -- resuming normal operations
[Tue May 14 16:01:43.442634 2024] [core:notice] [pid 1] AH00094: Command line: 'apache2 -D FOREGROUND'
[Tue May 14 16:15:39.451873 2024] [mpm_prefork:notice] [pid 1] AH00170: caught SIGWINCH, shutting down gracefully
[Tue May 14 16:16:40.850836 2024] [mpm_prefork:notice] [pid 1] AH00163: Apache/2.4.54 (Debian) PHP/7.4.33 configured -- resuming normal operations
[Tue May 14 16:16:40.853105 2024] [core:notice] [pid 1] AH00094: Command line: 'apache2 -D FOREGROUND'
[Tue May 14 16:34:22.900253 2024] [mpm_prefork:notice] [pid 1] AH00170: caught SIGWINCH, shutting down gracefully
[Tue May 14 16:35:26.085651 2024] [mpm_prefork:notice] [pid 1] AH00163: Apache/2.4.54 (Debian) PHP/7.4.33 configured -- resuming normal operations
[Tue May 14 16:35:26.100377 2024] [core:notice] [pid 1] AH00094: Command line: 'apache2 -D FOREGROUND'
[Tue May 14 17:12:56.914661 2024] [mpm_prefork:notice] [pid 1] AH00170: caught SIGWINCH, shutting down gracefully
[Tue May 14 17:13:56.100388 2024] [mpm_prefork:notice] [pid 1] AH00163: Apache/2.4.54 (Debian) PHP/7.4.33 configured -- resuming normal operations
[Tue May 14 17:13:56.100845 2024] [core:notice] [pid 1] AH00094: Command line: 'apache2 -D FOREGROUND'
[Tue May 14 17:48:59.443626 2024] [mpm_prefork:notice] [pid 1] AH00170: caught SIGWINCH, shutting down gracefully
[Tue May 14 17:54:03.885441 2024] [mpm_prefork:notice] [pid 1] AH00163: Apache/2.4.54 (Debian) PHP/7.4.33 configured -- resuming normal operations
[Tue May 14 17:54:03.887454 2024] [core:notice] [pid 1] AH00094: Command line: 'apache2 -D FOREGROUND'
